Content-Type: text/plain; charset="utf-8"
MIME-Version: 1.0
Content-Transfer-Encoding: 8bit
Subject: 
 =?utf-8?q?Cl=C3=ADnica_Psicolog=C3=ADa=3A_Campa=C3=B1a_de_Email_Marketing?=
From: no-contestar@pronosticos-futbol.com
To: dani@dani.com
Date: Sun, 15 Dec 2024 17:45:43 -0000
Message-ID: <173428474312.15708.16018793146590030063@Jesus.home>

Asunto Campaña Mono 

Escribió:

<p>Hwkdidndidjdbdj campaña monono</p>
-------------------------------------------------------------------------------
Content-Type: text/plain; charset="utf-8"
MIME-Version: 1.0
Content-Transfer-Encoding: 8bit
Subject: 
 =?utf-8?q?Cl=C3=ADnica_Psicolog=C3=ADa=3A_Campa=C3=B1a_de_Email_Marketing?=
From: no-contestar@pronosticos-futbol.com
To: hello@hello.com
Date: Sun, 15 Dec 2024 17:45:43 -0000
Message-ID: <173428474313.15708.17872587991731140609@Jesus.home>

Asunto Campaña Mono 

Escribió:

<p>Hwkdidndidjdbdj campaña monono</p>
-------------------------------------------------------------------------------
Content-Type: text/plain; charset="utf-8"
MIME-Version: 1.0
Content-Transfer-Encoding: 8bit
Subject: 
 =?utf-8?q?Cl=C3=ADnica_Psicolog=C3=ADa=3A_Campa=C3=B1a_de_Email_Marketing?=
From: no-contestar@pronosticos-futbol.com
To: jemer2407@gmail.com
Date: Sun, 15 Dec 2024 17:45:43 -0000
Message-ID: <173428474313.15708.17471266179479939636@Jesus.home>

Asunto Campaña Mono 

Escribió:

<p>Hwkdidndidjdbdj campaña monono</p>
-------------------------------------------------------------------------------
Content-Type: text/plain; charset="utf-8"
MIME-Version: 1.0
Content-Transfer-Encoding: 8bit
Subject: 
 =?utf-8?q?Cl=C3=ADnica_Psicolog=C3=ADa=3A_Campa=C3=B1a_de_Email_Marketing?=
From: no-contestar@pronosticos-futbol.com
To: merchi@merchi.com
Date: Sun, 15 Dec 2024 17:45:43 -0000
Message-ID: <173428474314.15708.16966088732534744071@Jesus.home>

Asunto Campaña Mono 

Escribió:

<p>Hwkdidndidjdbdj campaña monono</p>
-------------------------------------------------------------------------------
Content-Type: text/plain; charset="utf-8"
MIME-Version: 1.0
Content-Transfer-Encoding: 8bit
Subject: 
 =?utf-8?q?Cl=C3=ADnica_Psicolog=C3=ADa=3A_Campa=C3=B1a_de_Email_Marketing?=
From: no-contestar@pronosticos-futbol.com
To: otro2@otro.com
Date: Sun, 15 Dec 2024 17:45:43 -0000
Message-ID: <173428474314.15708.15343371182744249136@Jesus.home>

Asunto Campaña Mono 

Escribió:

<p>Hwkdidndidjdbdj campaña monono</p>
-------------------------------------------------------------------------------
Content-Type: text/plain; charset="utf-8"
MIME-Version: 1.0
Content-Transfer-Encoding: 8bit
Subject: 
 =?utf-8?q?Cl=C3=ADnica_Psicolog=C3=ADa=3A_Campa=C3=B1a_de_Email_Marketing?=
From: no-contestar@pronosticos-futbol.com
To: pepito@pepito.com
Date: Sun, 15 Dec 2024 17:45:43 -0000
Message-ID: <173428474314.15708.5554461477725818660@Jesus.home>

Asunto Campaña Mono 

Escribió:

<p>Hwkdidndidjdbdj campaña monono</p>
-------------------------------------------------------------------------------
Content-Type: text/plain; charset="utf-8"
MIME-Version: 1.0
Content-Transfer-Encoding: 8bit
Subject: 
 =?utf-8?q?Cl=C3=ADnica_Psicolog=C3=ADa=3A_Campa=C3=B1a_de_Email_Marketing?=
From: no-contestar@pronosticos-futbol.com
To: webseocordoba@gmail.com
Date: Sun, 15 Dec 2024 17:45:43 -0000
Message-ID: <173428474314.15708.1775714774674112911@Jesus.home>

Asunto Campaña Mono 

Escribió:

<p>Hwkdidndidjdbdj campaña monono</p>
-------------------------------------------------------------------------------
