Content-Type: text/plain; charset="utf-8"
MIME-Version: 1.0
Content-Transfer-Encoding: 8bit
Subject: 
 =?utf-8?q?Cl=C3=ADnica_Psicolog=C3=ADa=3A_Campa=C3=B1a_de_Email_Marketing?=
From: no-contestar@pronosticos-futbol.com
To: fran@fran.com
Date: Sun, 15 Dec 2024 17:45:43 -0000
Message-ID: <173428474312.15708.8326317099316611367@Jesus.home>

Asunto Campaña Mono 

Escribió:

<p>Hwkdidndidjdbdj campaña monono</p>
-------------------------------------------------------------------------------
Content-Type: text/plain; charset="utf-8"
MIME-Version: 1.0
Content-Transfer-Encoding: 8bit
Subject: 
 =?utf-8?q?Cl=C3=ADnica_Psicolog=C3=ADa=3A_Campa=C3=B1a_de_Email_Marketing?=
From: no-contestar@pronosticos-futbol.com
To: hola@hola.com
Date: Sun, 15 Dec 2024 17:45:43 -0000
Message-ID: <173428474313.15708.2258939677663184381@Jesus.home>

Asunto Campaña Mono 

Escribió:

<p>Hwkdidndidjdbdj campaña monono</p>
-------------------------------------------------------------------------------
Content-Type: text/plain; charset="utf-8"
MIME-Version: 1.0
Content-Transfer-Encoding: 8bit
Subject: 
 =?utf-8?q?Cl=C3=ADnica_Psicolog=C3=ADa=3A_Campa=C3=B1a_de_Email_Marketing?=
From: no-contestar@pronosticos-futbol.com
To: jesusmerc2407@gmail.com
Date: Sun, 15 Dec 2024 17:45:43 -0000
Message-ID: <173428474313.15708.17959543683405488940@Jesus.home>

Asunto Campaña Mono 

Escribió:

<p>Hwkdidndidjdbdj campaña monono</p>
-------------------------------------------------------------------------------
Content-Type: text/plain; charset="utf-8"
MIME-Version: 1.0
Content-Transfer-Encoding: 8bit
Subject: 
 =?utf-8?q?Cl=C3=ADnica_Psicolog=C3=ADa=3A_Campa=C3=B1a_de_Email_Marketing?=
From: no-contestar@pronosticos-futbol.com
To: michina@michi.com
Date: Sun, 15 Dec 2024 17:45:43 -0000
Message-ID: <173428474314.15708.5144166118195770482@Jesus.home>

Asunto Campaña Mono 

Escribió:

<p>Hwkdidndidjdbdj campaña monono</p>
-------------------------------------------------------------------------------
Content-Type: text/plain; charset="utf-8"
MIME-Version: 1.0
Content-Transfer-Encoding: 8bit
Subject: 
 =?utf-8?q?Cl=C3=ADnica_Psicolog=C3=ADa=3A_Campa=C3=B1a_de_Email_Marketing?=
From: no-contestar@pronosticos-futbol.com
To: otro@otro.com
Date: Sun, 15 Dec 2024 17:45:43 -0000
Message-ID: <173428474314.15708.14412267596157186844@Jesus.home>

Asunto Campaña Mono 

Escribió:

<p>Hwkdidndidjdbdj campaña monono</p>
-------------------------------------------------------------------------------
Content-Type: text/plain; charset="utf-8"
MIME-Version: 1.0
Content-Transfer-Encoding: 8bit
Subject: 
 =?utf-8?q?Cl=C3=ADnica_Psicolog=C3=ADa=3A_Campa=C3=B1a_de_Email_Marketing?=
From: no-contestar@pronosticos-futbol.com
To: terreno@terreno.com
Date: Sun, 15 Dec 2024 17:45:43 -0000
Message-ID: <173428474314.15708.15469151318968454325@Jesus.home>

Asunto Campaña Mono 

Escribió:

<p>Hwkdidndidjdbdj campaña monono</p>
-------------------------------------------------------------------------------
