Content-Type: text/plain; charset="utf-8"
MIME-Version: 1.0
Content-Transfer-Encoding: 8bit
Subject: 
 =?utf-8?q?Cl=C3=ADnica_Psicolog=C3=ADa=3A_Campa=C3=B1a_de_Email_Marketing?=
From: no-contestar@pronosticos-futbol.com
To: hello@hello.com
Date: Fri, 06 Dec 2024 16:52:12 -0000
Message-ID: <173350393282.3224.15611626099125263109@Jesus.home>

Asunto Nueva campaña Email Marketing 

Escribió:

<p>sdafasdf asdfadsfasdf</p>
-------------------------------------------------------------------------------
Content-Type: text/plain; charset="utf-8"
MIME-Version: 1.0
Content-Transfer-Encoding: 8bit
Subject: 
 =?utf-8?q?Cl=C3=ADnica_Psicolog=C3=ADa=3A_Campa=C3=B1a_de_Email_Marketing?=
From: no-contestar@pronosticos-futbol.com
To: jemer2407@gmail.com
Date: Fri, 06 Dec 2024 16:52:12 -0000
Message-ID: <173350393283.3224.17797724710976211204@Jesus.home>

Asunto Nueva campaña Email Marketing 

Escribió:

<p>sdafasdf asdfadsfasdf</p>
-------------------------------------------------------------------------------
Content-Type: text/plain; charset="utf-8"
MIME-Version: 1.0
Content-Transfer-Encoding: 8bit
Subject: 
 =?utf-8?q?Cl=C3=ADnica_Psicolog=C3=ADa=3A_Campa=C3=B1a_de_Email_Marketing?=
From: no-contestar@pronosticos-futbol.com
To: miemail@miemail.com
Date: Fri, 06 Dec 2024 16:52:12 -0000
Message-ID: <173350393283.3224.7832388949993753705@Jesus.home>

Asunto Nueva campaña Email Marketing 

Escribió:

<p>sdafasdf asdfadsfasdf</p>
-------------------------------------------------------------------------------
Content-Type: text/plain; charset="utf-8"
MIME-Version: 1.0
Content-Transfer-Encoding: 8bit
Subject: 
 =?utf-8?q?Cl=C3=ADnica_Psicolog=C3=ADa=3A_Campa=C3=B1a_de_Email_Marketing?=
From: no-contestar@pronosticos-futbol.com
To: paula@paula.com
Date: Fri, 06 Dec 2024 16:52:12 -0000
Message-ID: <173350393283.3224.11449067301595828330@Jesus.home>

Asunto Nueva campaña Email Marketing 

Escribió:

<p>sdafasdf asdfadsfasdf</p>
-------------------------------------------------------------------------------
