Content-Type: text/plain; charset="utf-8"
MIME-Version: 1.0
Content-Transfer-Encoding: 8bit
Subject: 
 =?utf-8?q?Cl=C3=ADnica_Psicolog=C3=ADa=3A_Campa=C3=B1a_de_Email_Marketing?=
From: no-contestar@pronosticos-futbol.com
To: freelancetrigil@gmail.com
Date: Fri, 06 Dec 2024 16:52:12 -0000
Message-ID: <173350393282.3224.8180845172175166434@Jesus.home>

Asunto Nueva campaña Email Marketing 

Escribió:

<p>sdafasdf asdfadsfasdf</p>
-------------------------------------------------------------------------------
Content-Type: text/plain; charset="utf-8"
MIME-Version: 1.0
Content-Transfer-Encoding: 8bit
Subject: 
 =?utf-8?q?Cl=C3=ADnica_Psicolog=C3=ADa=3A_Campa=C3=B1a_de_Email_Marketing?=
From: no-contestar@pronosticos-futbol.com
To: ignacio@ignacio.com
Date: Fri, 06 Dec 2024 16:52:12 -0000
Message-ID: <173350393282.3224.12970397665565331899@Jesus.home>

Asunto Nueva campaña Email Marketing 

Escribió:

<p>sdafasdf asdfadsfasdf</p>
-------------------------------------------------------------------------------
Content-Type: text/plain; charset="utf-8"
MIME-Version: 1.0
Content-Transfer-Encoding: 8bit
Subject: 
 =?utf-8?q?Cl=C3=ADnica_Psicolog=C3=ADa=3A_Campa=C3=B1a_de_Email_Marketing?=
From: no-contestar@pronosticos-futbol.com
To: michina@michi.com
Date: Fri, 06 Dec 2024 16:52:12 -0000
Message-ID: <173350393283.3224.7397143604138416870@Jesus.home>

Asunto Nueva campaña Email Marketing 

Escribió:

<p>sdafasdf asdfadsfasdf</p>
-------------------------------------------------------------------------------
Content-Type: text/plain; charset="utf-8"
MIME-Version: 1.0
Content-Transfer-Encoding: 8bit
Subject: 
 =?utf-8?q?Cl=C3=ADnica_Psicolog=C3=ADa=3A_Campa=C3=B1a_de_Email_Marketing?=
From: no-contestar@pronosticos-futbol.com
To: otro@otro.com
Date: Fri, 06 Dec 2024 16:52:12 -0000
Message-ID: <173350393283.3224.14642207417395087439@Jesus.home>

Asunto Nueva campaña Email Marketing 

Escribió:

<p>sdafasdf asdfadsfasdf</p>
-------------------------------------------------------------------------------
Content-Type: text/plain; charset="utf-8"
MIME-Version: 1.0
Content-Transfer-Encoding: 8bit
Subject: 
 =?utf-8?q?Cl=C3=ADnica_Psicolog=C3=ADa=3A_Campa=C3=B1a_de_Email_Marketing?=
From: no-contestar@pronosticos-futbol.com
To: webseocordoba@gmail.com
Date: Fri, 06 Dec 2024 16:52:12 -0000
Message-ID: <173350393283.3224.1785571208092828984@Jesus.home>

Asunto Nueva campaña Email Marketing 

Escribió:

<p>sdafasdf asdfadsfasdf</p>
-------------------------------------------------------------------------------
