Content-Type: text/plain; charset="utf-8"
MIME-Version: 1.0
Content-Transfer-Encoding: 8bit
Subject: 
 =?utf-8?q?Cl=C3=ADnica_Psicolog=C3=ADa=3A_Campa=C3=B1a_de_Email_Marketing?=
From: no-contestar@pronosticos-futbol.com
To: freelancetrigil@gmail.com
Date: Sun, 15 Dec 2024 17:45:43 -0000
Message-ID: <173428474313.15708.1728243257359209614@Jesus.home>

Asunto Campaña Mono 

Escribió:

<p>Hwkdidndidjdbdj campaña monono</p>
-------------------------------------------------------------------------------
Content-Type: text/plain; charset="utf-8"
MIME-Version: 1.0
Content-Transfer-Encoding: 8bit
Subject: 
 =?utf-8?q?Cl=C3=ADnica_Psicolog=C3=ADa=3A_Campa=C3=B1a_de_Email_Marketing?=
From: no-contestar@pronosticos-futbol.com
To: ignacio@ignacio.com
Date: Sun, 15 Dec 2024 17:45:43 -0000
Message-ID: <173428474313.15708.6242457095679303253@Jesus.home>

Asunto Campaña Mono 

Escribió:

<p>Hwkdidndidjdbdj campaña monono</p>
-------------------------------------------------------------------------------
Content-Type: text/plain; charset="utf-8"
MIME-Version: 1.0
Content-Transfer-Encoding: 8bit
Subject: 
 =?utf-8?q?Cl=C3=ADnica_Psicolog=C3=ADa=3A_Campa=C3=B1a_de_Email_Marketing?=
From: no-contestar@pronosticos-futbol.com
To: killo@killo.com
Date: Sun, 15 Dec 2024 17:45:43 -0000
Message-ID: <173428474313.15708.4073575050595022671@Jesus.home>

Asunto Campaña Mono 

Escribió:

<p>Hwkdidndidjdbdj campaña monono</p>
-------------------------------------------------------------------------------
Content-Type: text/plain; charset="utf-8"
MIME-Version: 1.0
Content-Transfer-Encoding: 8bit
Subject: 
 =?utf-8?q?Cl=C3=ADnica_Psicolog=C3=ADa=3A_Campa=C3=B1a_de_Email_Marketing?=
From: no-contestar@pronosticos-futbol.com
To: miemail@miemail.com
Date: Sun, 15 Dec 2024 17:45:43 -0000
Message-ID: <173428474314.15708.16973086336721073826@Jesus.home>

Asunto Campaña Mono 

Escribió:

<p>Hwkdidndidjdbdj campaña monono</p>
-------------------------------------------------------------------------------
Content-Type: text/plain; charset="utf-8"
MIME-Version: 1.0
Content-Transfer-Encoding: 8bit
Subject: 
 =?utf-8?q?Cl=C3=ADnica_Psicolog=C3=ADa=3A_Campa=C3=B1a_de_Email_Marketing?=
From: no-contestar@pronosticos-futbol.com
To: paula@paula.com
Date: Sun, 15 Dec 2024 17:45:43 -0000
Message-ID: <173428474314.15708.18018488985220994781@Jesus.home>

Asunto Campaña Mono 

Escribió:

<p>Hwkdidndidjdbdj campaña monono</p>
-------------------------------------------------------------------------------
Content-Type: text/plain; charset="utf-8"
MIME-Version: 1.0
Content-Transfer-Encoding: 8bit
Subject: 
 =?utf-8?q?Cl=C3=ADnica_Psicolog=C3=ADa=3A_Campa=C3=B1a_de_Email_Marketing?=
From: no-contestar@pronosticos-futbol.com
To: victor@victor.com
Date: Sun, 15 Dec 2024 17:45:43 -0000
Message-ID: <173428474314.15708.1553169670146583305@Jesus.home>

Asunto Campaña Mono 

Escribió:

<p>Hwkdidndidjdbdj campaña monono</p>
-------------------------------------------------------------------------------
