Content-Type: text/plain; charset="utf-8"
MIME-Version: 1.0
Content-Transfer-Encoding: 8bit
Subject: 
 =?utf-8?q?Cl=C3=ADnica_Psicolog=C3=ADa=3A_Campa=C3=B1a_de_Email_Marketing?=
From: no-contestar@pronosticos-futbol.com
To: fran@fran.com
Date: Fri, 06 Dec 2024 16:52:12 -0000
Message-ID: <173350393281.3224.7371042518665400134@Jesus.home>

Asunto Nueva campaña Email Marketing 

Escribió:

<p>sdafasdf asdfadsfasdf</p>
-------------------------------------------------------------------------------
Content-Type: text/plain; charset="utf-8"
MIME-Version: 1.0
Content-Transfer-Encoding: 8bit
Subject: 
 =?utf-8?q?Cl=C3=ADnica_Psicolog=C3=ADa=3A_Campa=C3=B1a_de_Email_Marketing?=
From: no-contestar@pronosticos-futbol.com
To: hola@hola.com
Date: Fri, 06 Dec 2024 16:52:12 -0000
Message-ID: <173350393282.3224.15150285263692040858@Jesus.home>

Asunto Nueva campaña Email Marketing 

Escribió:

<p>sdafasdf asdfadsfasdf</p>
-------------------------------------------------------------------------------
Content-Type: text/plain; charset="utf-8"
MIME-Version: 1.0
Content-Transfer-Encoding: 8bit
Subject: 
 =?utf-8?q?Cl=C3=ADnica_Psicolog=C3=ADa=3A_Campa=C3=B1a_de_Email_Marketing?=
From: no-contestar@pronosticos-futbol.com
To: jesusmerc2407@gmail.com
Date: Fri, 06 Dec 2024 16:52:12 -0000
Message-ID: <173350393283.3224.4034239767898138842@Jesus.home>

Asunto Nueva campaña Email Marketing 

Escribió:

<p>sdafasdf asdfadsfasdf</p>
-------------------------------------------------------------------------------
Content-Type: text/plain; charset="utf-8"
MIME-Version: 1.0
Content-Transfer-Encoding: 8bit
Subject: 
 =?utf-8?q?Cl=C3=ADnica_Psicolog=C3=ADa=3A_Campa=C3=B1a_de_Email_Marketing?=
From: no-contestar@pronosticos-futbol.com
To: otro2@otro.com
Date: Fri, 06 Dec 2024 16:52:12 -0000
Message-ID: <173350393283.3224.1071223615331717085@Jesus.home>

Asunto Nueva campaña Email Marketing 

Escribió:

<p>sdafasdf asdfadsfasdf</p>
-------------------------------------------------------------------------------
Content-Type: text/plain; charset="utf-8"
MIME-Version: 1.0
Content-Transfer-Encoding: 8bit
Subject: 
 =?utf-8?q?Cl=C3=ADnica_Psicolog=C3=ADa=3A_Campa=C3=B1a_de_Email_Marketing?=
From: no-contestar@pronosticos-futbol.com
To: pepito@pepito.com
Date: Fri, 06 Dec 2024 16:52:12 -0000
Message-ID: <173350393283.3224.13795737833215901021@Jesus.home>

Asunto Nueva campaña Email Marketing 

Escribió:

<p>sdafasdf asdfadsfasdf</p>
-------------------------------------------------------------------------------
